This is XeTeX, Version 3.141592653-2.6-0.999993 (TeX Live 2021) (preloaded format=xelatex 2021.10.1)  17 DEC 2021 22:08
entering extended mode
 restricted \write18 enabled.
 %&-line parsing enabled.
**diariotemtiano17122021.tex
(./diariotemtiano17122021.tex
LaTeX2e <2021-06-01> patch level 1
L3 programming layer <2021-08-27> (/home/cele/.TinyTeX/texmf-dist/tex/latex/bas
e/book.cls
Document Class: book 2021/02/12 v1.4n Standard LaTeX document class
(/home/cele/.TinyTeX/texmf-dist/tex/latex/base/bk10.clo
File: bk10.clo 2021/02/12 v1.4n Standard LaTeX file (size option)
)
\c@part=\count178
\c@chapter=\count179
\c@section=\count180
\c@subsection=\count181
\c@subsubsection=\count182
\c@paragraph=\count183
\c@subparagraph=\count184
\c@figure=\count185
\c@table=\count186
\abovecaptionskip=\skip47
\belowcaptionskip=\skip48
\bibindent=\dimen138
) (/home/cele/.TinyTeX/texmf-dist/tex/latex/amsmath/amsmath.sty
Package: amsmath 2021/04/20 v2.17j AMS math features
\@mathmargin=\skip49
For additional information on amsmath, use the `?' option.
(/home/cele/.TinyTeX/texmf-dist/tex/latex/amsmath/amstext.sty
Package: amstext 2000/06/29 v2.01 AMS text
(/home/cele/.TinyTeX/texmf-dist/tex/latex/amsmath/amsgen.sty
File: amsgen.sty 1999/11/30 v2.0 generic functions
\@emptytoks=\toks16
\ex@=\dimen139
)) (/home/cele/.TinyTeX/texmf-dist/tex/latex/amsmath/amsbsy.sty
Package: amsbsy 1999/11/29 v1.2d Bold Symbols
\pmbraise@=\dimen140
) (/home/cele/.TinyTeX/texmf-dist/tex/latex/amsmath/amsopn.sty
Package: amsopn 2016/03/08 v2.02 operator names
)
\inf@bad=\count187
LaTeX Info: Redefining \frac on input line 234.
\uproot@=\count188
\leftroot@=\count189
LaTeX Info: Redefining \overline on input line 399.
\classnum@=\count190
\DOTSCASE@=\count191
LaTeX Info: Redefining \ldots on input line 496.
LaTeX Info: Redefining \dots on input line 499.
LaTeX Info: Redefining \cdots on input line 620.
\Mathstrutbox@=\box50
\strutbox@=\box51
\big@size=\dimen141
LaTeX Font Info:    Redeclaring font encoding OML on input line 743.
LaTeX Font Info:    Redeclaring font encoding OMS on input line 744.
\macc@depth=\count192
\c@MaxMatrixCols=\count193
\dotsspace@=\muskip16
\c@parentequation=\count194
\dspbrk@lvl=\count195
\tag@help=\toks17
\row@=\count196
\column@=\count197
\maxfields@=\count198
\andhelp@=\toks18
\eqnshift@=\dimen142
\alignsep@=\dimen143
\tagshift@=\dimen144
\tagwidth@=\dimen145
\totwidth@=\dimen146
\lineht@=\dimen147
\@envbody=\toks19
\multlinegap=\skip50
\multlinetaggap=\skip51
\mathdisplay@stack=\toks20
LaTeX Info: Redefining \[ on input line 2923.
LaTeX Info: Redefining \] on input line 2924.
) (/home/cele/.TinyTeX/texmf-dist/tex/latex/amsfonts/amssymb.sty
Package: amssymb 2013/01/14 v3.01 AMS font symbols
(/home/cele/.TinyTeX/texmf-dist/tex/latex/amsfonts/amsfonts.sty
Package: amsfonts 2013/01/14 v3.01 Basic AMSFonts support
\symAMSa=\mathgroup4
\symAMSb=\mathgroup5
LaTeX Font Info:    Redeclaring math symbol \hbar on input line 98.
LaTeX Font Info:    Overwriting math alphabet `\mathfrak' in version `bold'
(Font)                  U/euf/m/n --> U/euf/b/n on input line 106.
)) (/home/cele/.TinyTeX/texmf-dist/tex/latex/lm/lmodern.sty
Package: lmodern 2015/05/01 v1.6.1 Latin Modern Fonts
LaTeX Font Info:    Overwriting symbol font `operators' in version `normal'
(Font)                  OT1/cmr/m/n --> OT1/lmr/m/n on input line 22.
LaTeX Font Info:    Overwriting symbol font `letters' in version `normal'
(Font)                  OML/cmm/m/it --> OML/lmm/m/it on input line 23.
LaTeX Font Info:    Overwriting symbol font `symbols' in version `normal'
(Font)                  OMS/cmsy/m/n --> OMS/lmsy/m/n on input line 24.
LaTeX Font Info:    Overwriting symbol font `largesymbols' in version `normal'
(Font)                  OMX/cmex/m/n --> OMX/lmex/m/n on input line 25.
LaTeX Font Info:    Overwriting symbol font `operators' in version `bold'
(Font)                  OT1/cmr/bx/n --> OT1/lmr/bx/n on input line 26.
LaTeX Font Info:    Overwriting symbol font `letters' in version `bold'
(Font)                  OML/cmm/b/it --> OML/lmm/b/it on input line 27.
LaTeX Font Info:    Overwriting symbol font `symbols' in version `bold'
(Font)                  OMS/cmsy/b/n --> OMS/lmsy/b/n on input line 28.
LaTeX Font Info:    Overwriting symbol font `largesymbols' in version `bold'
(Font)                  OMX/cmex/m/n --> OMX/lmex/m/n on input line 29.
LaTeX Font Info:    Overwriting math alphabet `\mathbf' in version `normal'
(Font)                  OT1/cmr/bx/n --> OT1/lmr/bx/n on input line 31.
LaTeX Font Info:    Overwriting math alphabet `\mathsf' in version `normal'
(Font)                  OT1/cmss/m/n --> OT1/lmss/m/n on input line 32.
LaTeX Font Info:    Overwriting math alphabet `\mathit' in version `normal'
(Font)                  OT1/cmr/m/it --> OT1/lmr/m/it on input line 33.
LaTeX Font Info:    Overwriting math alphabet `\mathtt' in version `normal'
(Font)                  OT1/cmtt/m/n --> OT1/lmtt/m/n on input line 34.
LaTeX Font Info:    Overwriting math alphabet `\mathbf' in version `bold'
(Font)                  OT1/cmr/bx/n --> OT1/lmr/bx/n on input line 35.
LaTeX Font Info:    Overwriting math alphabet `\mathsf' in version `bold'
(Font)                  OT1/cmss/bx/n --> OT1/lmss/bx/n on input line 36.
LaTeX Font Info:    Overwriting math alphabet `\mathit' in version `bold'
(Font)                  OT1/cmr/bx/it --> OT1/lmr/bx/it on input line 37.
LaTeX Font Info:    Overwriting math alphabet `\mathtt' in version `bold'
(Font)                  OT1/cmtt/m/n --> OT1/lmtt/m/n on input line 38.
) (/home/cele/.TinyTeX/texmf-dist/tex/generic/iftex/ifxetex.sty
Package: ifxetex 2019/10/25 v0.7 ifxetex legacy package. Use iftex instead.
(/home/cele/.TinyTeX/texmf-dist/tex/generic/iftex/iftex.sty
Package: iftex 2020/03/06 v1.0d TeX engine tests
)) (/home/cele/.TinyTeX/texmf-dist/tex/generic/iftex/ifluatex.sty
Package: ifluatex 2019/10/25 v1.5 ifluatex legacy package. Use iftex instead.
) (/home/cele/.TinyTeX/texmf-dist/tex/latex/unicode-math/unicode-math.sty (/hom
e/cele/.TinyTeX/texmf-dist/tex/latex/l3kernel/expl3.sty
Package: expl3 2021-08-27 L3 programming layer (loader) 
(/home/cele/.TinyTeX/texmf-dist/tex/latex/l3backend/l3backend-xetex.def
File: l3backend-xetex.def 2021-08-04 L3 backend support: XeTeX
(|extractbb --version)
\c__kernel_sys_dvipdfmx_version_int=\count199
\l__color_backend_stack_int=\count266
\g__color_backend_stack_int=\count267
\g__graphics_track_int=\count268
\l__pdf_internal_box=\box52
\g__pdf_backend_object_int=\count269
\g__pdf_backend_annotation_int=\count270
\g__pdf_backend_link_int=\count271
))
Package: unicode-math 2020/01/31 v0.8q Unicode maths in XeLaTeX and LuaLaTeX
(/home/cele/.TinyTeX/texmf-dist/tex/latex/unicode-math/unicode-math-xetex.sty
Package: unicode-math-xetex 2020/01/31 v0.8q Unicode maths in XeLaTeX and LuaLa
TeX
(/home/cele/.TinyTeX/texmf-dist/tex/latex/l3packages/xparse/xparse.sty
Package: xparse 2021-08-27 L3 Experimental document command parser
) (/home/cele/.TinyTeX/texmf-dist/tex/latex/l3packages/l3keys2e/l3keys2e.sty
Package: l3keys2e 2021-08-27 LaTeX2e option processing using LaTeX3 keys
) (/home/cele/.TinyTeX/texmf-dist/tex/latex/fontspec/fontspec.sty
Package: fontspec 2020/02/21 v2.7i Font selection for XeLaTeX and LuaLaTeX
(/home/cele/.TinyTeX/texmf-dist/tex/latex/fontspec/fontspec-xetex.sty
Package: fontspec-xetex 2020/02/21 v2.7i Font selection for XeLaTeX and LuaLaTe
X
\l__fontspec_script_int=\count272
\l__fontspec_language_int=\count273
\l__fontspec_strnum_int=\count274
\l__fontspec_tmp_int=\count275
\l__fontspec_tmpa_int=\count276
\l__fontspec_tmpb_int=\count277
\l__fontspec_tmpc_int=\count278
\l__fontspec_em_int=\count279
\l__fontspec_emdef_int=\count280
\l__fontspec_strong_int=\count281
\l__fontspec_strongdef_int=\count282
\l__fontspec_tmpa_dim=\dimen148
\l__fontspec_tmpb_dim=\dimen149
\l__fontspec_tmpc_dim=\dimen150
(/home/cele/.TinyTeX/texmf-dist/tex/latex/base/fontenc.sty
Package: fontenc 2021/04/29 v2.0v Standard LaTeX package
) (/home/cele/.TinyTeX/texmf-dist/tex/latex/fontspec/fontspec.cfg))) (/home/cel
e/.TinyTeX/texmf-dist/tex/latex/base/fix-cm.sty
Package: fix-cm 2020/11/24 v1.1t fixes to LaTeX
(/home/cele/.TinyTeX/texmf-dist/tex/latex/base/ts1enc.def
File: ts1enc.def 2001/06/05 v3.0e (jk/car/fm) Standard LaTeX file
LaTeX Font Info:    Redeclaring font encoding TS1 on input line 47.
))
\g__um_fam_int=\count283
\g__um_fonts_used_int=\count284
\l__um_primecount_int=\count285
\g__um_primekern_muskip=\muskip17
(/home/cele/.TinyTeX/texmf-dist/tex/latex/unicode-math/unicode-math-table.tex))
) (/home/cele/.TinyTeX/texmf-dist/tex/latex/xcolor/xcolor.sty
Package: xcolor 2016/05/11 v2.12 LaTeX color extensions (UK)
(/home/cele/.TinyTeX/texmf-dist/tex/latex/graphics-cfg/color.cfg
File: color.cfg 2016/01/02 v1.6 sample color configuration
)
Package xcolor Info: Driver file: xetex.def on input line 225.
(/home/cele/.TinyTeX/texmf-dist/tex/latex/graphics-def/xetex.def
File: xetex.def 2021/03/18 v5.0k Graphics/color driver for xetex
)
Package xcolor Info: Model `cmy' substituted by `cmy0' on input line 1348.
Package xcolor Info: Model `RGB' extended on input line 1364.
Package xcolor Info: Model `HTML' substituted by `rgb' on input line 1366.
Package xcolor Info: Model `Hsb' substituted by `hsb' on input line 1367.
Package xcolor Info: Model `tHsb' substituted by `hsb' on input line 1368.
Package xcolor Info: Model `HSB' substituted by `hsb' on input line 1369.
Package xcolor Info: Model `Gray' substituted by `gray' on input line 1370.
Package xcolor Info: Model `wave' substituted by `hsb' on input line 1371.
) (/home/cele/.TinyTeX/texmf-dist/tex/latex/hyperref/hyperref.sty
Package: hyperref 2021-06-07 v7.00m Hypertext links for LaTeX
(/home/cele/.TinyTeX/texmf-dist/tex/generic/ltxcmds/ltxcmds.sty
Package: ltxcmds 2020-05-10 v1.25 LaTeX kernel commands for general use (HO)
) (/home/cele/.TinyTeX/texmf-dist/tex/generic/pdftexcmds/pdftexcmds.sty
Package: pdftexcmds 2020-06-27 v0.33 Utility functions of pdfTeX for LuaTeX (HO
)
(/home/cele/.TinyTeX/texmf-dist/tex/generic/infwarerr/infwarerr.sty
Package: infwarerr 2019/12/03 v1.5 Providing info/warning/error messages (HO)
)
Package pdftexcmds Info: \pdf@primitive is available.
Package pdftexcmds Info: \pdf@ifprimitive is available.
Package pdftexcmds Info: \pdfdraftmode not found.
) (/home/cele/.TinyTeX/texmf-dist/tex/latex/graphics/keyval.sty
Package: keyval 2014/10/28 v1.15 key=value parser (DPC)
\KV@toks@=\toks21
) (/home/cele/.TinyTeX/texmf-dist/tex/generic/kvsetkeys/kvsetkeys.sty
Package: kvsetkeys 2019/12/15 v1.18 Key value parser (HO)
) (/home/cele/.TinyTeX/texmf-dist/tex/generic/kvdefinekeys/kvdefinekeys.sty
Package: kvdefinekeys 2019-12-19 v1.6 Define keys (HO)
) (/home/cele/.TinyTeX/texmf-dist/tex/generic/pdfescape/pdfescape.sty
Package: pdfescape 2019/12/09 v1.15 Implements pdfTeX's escape features (HO)
) (/home/cele/.TinyTeX/texmf-dist/tex/latex/hycolor/hycolor.sty
Package: hycolor 2020-01-27 v1.10 Color options for hyperref/bookmark (HO)
) (/home/cele/.TinyTeX/texmf-dist/tex/latex/letltxmacro/letltxmacro.sty
Package: letltxmacro 2019/12/03 v1.6 Let assignment for LaTeX macros (HO)
) (/home/cele/.TinyTeX/texmf-dist/tex/latex/auxhook/auxhook.sty
Package: auxhook 2019-12-17 v1.6 Hooks for auxiliary files (HO)
) (/home/cele/.TinyTeX/texmf-dist/tex/latex/kvoptions/kvoptions.sty
Package: kvoptions 2020-10-07 v3.14 Key value format for package options (HO)
)
\@linkdim=\dimen151
\Hy@linkcounter=\count286
\Hy@pagecounter=\count287
(/home/cele/.TinyTeX/texmf-dist/tex/latex/hyperref/pd1enc.def
File: pd1enc.def 2021-06-07 v7.00m Hyperref: PDFDocEncoding definition (HO)
) (/home/cele/.TinyTeX/texmf-dist/tex/latex/hyperref/hyperref-langpatches.def
File: hyperref-langpatches.def 2021-06-07 v7.00m Hyperref: patches for babel la
nguages
) (/home/cele/.TinyTeX/texmf-dist/tex/generic/intcalc/intcalc.sty
Package: intcalc 2019/12/15 v1.3 Expandable calculations with integers (HO)
) (/home/cele/.TinyTeX/texmf-dist/tex/generic/etexcmds/etexcmds.sty
Package: etexcmds 2019/12/15 v1.7 Avoid name clashes with e-TeX commands (HO)
)
\Hy@SavedSpaceFactor=\count288
(/home/cele/.TinyTeX/texmf-dist/tex/latex/hyperref/puenc.def
File: puenc.def 2021-06-07 v7.00m Hyperref: PDF Unicode definition (HO)
)
Package hyperref Info: Option `unicode' set `true' on input line 4073.
Package hyperref Info: Hyper figures OFF on input line 4192.
Package hyperref Info: Link nesting OFF on input line 4197.
Package hyperref Info: Hyper index ON on input line 4200.
Package hyperref Info: Plain pages OFF on input line 4207.
Package hyperref Info: Backreferencing OFF on input line 4212.
Package hyperref Info: Implicit mode ON; LaTeX internals redefined.
Package hyperref Info: Bookmarks ON on input line 4445.
\c@Hy@tempcnt=\count289
(/home/cele/.TinyTeX/texmf-dist/tex/latex/url/url.sty
\Urlmuskip=\muskip18
Package: url 2013/09/16  ver 3.4  Verb mode for urls, etc.
)
LaTeX Info: Redefining \url on input line 4804.
\XeTeXLinkMargin=\dimen152
(/home/cele/.TinyTeX/texmf-dist/tex/generic/bitset/bitset.sty
Package: bitset 2019/12/09 v1.3 Handle bit-vector datatype (HO)
(/home/cele/.TinyTeX/texmf-dist/tex/generic/bigintcalc/bigintcalc.sty
Package: bigintcalc 2019/12/15 v1.5 Expandable calculations on big integers (HO
)
))
\Fld@menulength=\count290
\Field@Width=\dimen153
\Fld@charsize=\dimen154
Package hyperref Info: Hyper figures OFF on input line 6076.
Package hyperref Info: Link nesting OFF on input line 6081.
Package hyperref Info: Hyper index ON on input line 6084.
Package hyperref Info: backreferencing OFF on input line 6091.
Package hyperref Info: Link coloring OFF on input line 6096.
Package hyperref Info: Link coloring with OCG OFF on input line 6101.
Package hyperref Info: PDF/A mode OFF on input line 6106.
LaTeX Info: Redefining \ref on input line 6146.
LaTeX Info: Redefining \pageref on input line 6150.
(/home/cele/.TinyTeX/texmf-dist/tex/latex/base/atbegshi-ltx.sty
Package: atbegshi-ltx 2021/01/10 v1.0c Emulation of the original atbegshi
package with kernel methods
)
\Hy@abspage=\count291
\c@Item=\count292
\c@Hfootnote=\count293
)
Package hyperref Info: Driver (autodetected): hxetex.
(/home/cele/.TinyTeX/texmf-dist/tex/latex/hyperref/hxetex.def
File: hxetex.def 2021-06-07 v7.00m Hyperref driver for XeTeX
(/home/cele/.TinyTeX/texmf-dist/tex/generic/stringenc/stringenc.sty
Package: stringenc 2019/11/29 v1.12 Convert strings between diff. encodings (HO
)
)
\pdfm@box=\box53
\c@Hy@AnnotLevel=\count294
\HyField@AnnotCount=\count295
\Fld@listcount=\count296
\c@bookmark@seq@number=\count297
(/home/cele/.TinyTeX/texmf-dist/tex/latex/rerunfilecheck/rerunfilecheck.sty
Package: rerunfilecheck 2019/12/05 v1.9 Rerun checks for auxiliary files (HO)
(/home/cele/.TinyTeX/texmf-dist/tex/latex/base/atveryend-ltx.sty
Package: atveryend-ltx 2020/08/19 v1.0a Emulation of the original atvery packag
e
with kernel methods
) (/home/cele/.TinyTeX/texmf-dist/tex/generic/uniquecounter/uniquecounter.sty
Package: uniquecounter 2019/12/15 v1.4 Provide unlimited unique counter (HO)
)
Package uniquecounter Info: New unique counter `rerunfilecheck' on input line 2
86.
)
\Hy@SectionHShift=\skip52
) (/home/cele/.TinyTeX/texmf-dist/tex/latex/tools/longtable.sty
Package: longtable 2021-05-07 v4.16 Multi-page Table package (DPC)
\LTleft=\skip53
\LTright=\skip54
\LTpre=\skip55
\LTpost=\skip56
\LTchunksize=\count298
\LTcapwidth=\dimen155
\LT@head=\box54
\LT@firsthead=\box55
\LT@foot=\box56
\LT@lastfoot=\box57
\LT@gbox=\box58
\LT@cols=\count299
\LT@rows=\count300
\c@LT@tables=\count301
\c@LT@chunks=\count302
\LT@p@ftn=\toks22
) (/home/cele/.TinyTeX/texmf-dist/tex/latex/booktabs/booktabs.sty
Package: booktabs 2020/01/12 v1.61803398 Publication quality tables
\heavyrulewidth=\dimen156
\lightrulewidth=\dimen157
\cmidrulewidth=\dimen158
\belowrulesep=\dimen159
\belowbottomsep=\dimen160
\aboverulesep=\dimen161
\abovetopsep=\dimen162
\cmidrulesep=\dimen163
\cmidrulekern=\dimen164
\defaultaddspace=\dimen165
\@cmidla=\count303
\@cmidlb=\count304
\@aboverulesep=\dimen166
\@belowrulesep=\dimen167
\@thisruleclass=\count305
\@lastruleclass=\count306
\@thisrulewidth=\dimen168
) (/home/cele/.TinyTeX/texmf-dist/tex/latex/tools/array.sty
Package: array 2021/04/20 v2.5e Tabular extension package (FMi)
\col@sep=\dimen169
\ar@mcellbox=\box59
\extrarowheight=\dimen170
\NC@list=\toks23
\extratabsurround=\skip57
\backup@length=\skip58
\ar@cellbox=\box60
) (/home/cele/.TinyTeX/texmf-dist/tex/latex/tools/calc.sty
Package: calc 2017/05/25 v4.3 Infix arithmetic (KKT,FJ)
\calc@Acount=\count307
\calc@Bcount=\count308
\calc@Adimen=\dimen171
\calc@Bdimen=\dimen172
\calc@Askip=\skip59
\calc@Bskip=\skip60
LaTeX Info: Redefining \setlength on input line 80.
LaTeX Info: Redefining \addtolength on input line 81.
\calc@Ccount=\count309
\calc@Cskip=\skip61
) (/home/cele/.TinyTeX/texmf-dist/tex/latex/etoolbox/etoolbox.sty
Package: etoolbox 2020/10/05 v2.5k e-TeX tools for LaTeX (JAW)
\etb@tempcnta=\count310
) (/home/cele/.TinyTeX/texmf-dist/tex/latex/mdwtools/footnote.sty
Package: footnote 1997/01/28 1.13 Save footnotes around boxes
\fn@notes=\box61
\fn@width=\dimen173
) (/home/cele/.TinyTeX/texmf-dist/tex/latex/graphics/graphicx.sty
Package: graphicx 2020/12/05 v1.2c Enhanced LaTeX Graphics (DPC,SPQR)
(/home/cele/.TinyTeX/texmf-dist/tex/latex/graphics/graphics.sty
Package: graphics 2021/03/04 v1.4d Standard LaTeX Graphics (DPC,SPQR)
(/home/cele/.TinyTeX/texmf-dist/tex/latex/graphics/trig.sty
Package: trig 2016/01/03 v1.10 sin cos tan (DPC)
) (/home/cele/.TinyTeX/texmf-dist/tex/latex/graphics-cfg/graphics.cfg
File: graphics.cfg 2016/06/04 v1.11 sample graphics configuration
)
Package graphics Info: Driver file: xetex.def on input line 107.
)
\Gin@req@height=\dimen174
\Gin@req@width=\dimen175
) (/home/cele/.TinyTeX/texmf-dist/tex/latex/amscls/amsthm.sty
Package: amsthm 2020/05/29 v2.20.6
\thm@style=\toks24
\thm@bodyfont=\toks25
\thm@headfont=\toks26
\thm@notefont=\toks27
\thm@headpunct=\toks28
\thm@preskip=\skip62
\thm@postskip=\skip63
\thm@headsep=\skip64
\dth@everypar=\toks29
) (/home/cele/.TinyTeX/texmf-dist/tex/latex/fancyhdr/fancyhdr.sty
Package: fancyhdr 2021/01/28 v4.0.1 Extensive control of page headers and foote
rs
\f@nch@headwidth=\skip65
\f@nch@O@elh=\skip66
\f@nch@O@erh=\skip67
\f@nch@O@olh=\skip68
\f@nch@O@orh=\skip69
\f@nch@O@elf=\skip70
\f@nch@O@erf=\skip71
\f@nch@O@olf=\skip72
\f@nch@O@orf=\skip73
) (/home/cele/.TinyTeX/texmf-dist/tex/latex/lipsum/lipsum.sty
Package: lipsum 2021-09-20 v2.7 150 paragraphs of Lorem Ipsum dummy text
\g__lipsum_par_int=\count311
\l__lipsum_a_int=\count312
\l__lipsum_b_int=\count313
(/home/cele/.TinyTeX/texmf-dist/tex/latex/lipsum/lipsum.ltd.tex)) (/home/cele/.
TinyTeX/texmf-dist/tex/latex/polyglossia/polyglossia.sty
Package: polyglossia 2021/04/12 v1.53 Modern multilingual typesetting with XeLa
TeX and LuaLaTeX
(/home/cele/.TinyTeX/texmf-dist/tex/latex/makecmds/makecmds.sty
Package: makecmds 2009/09/03 v1.0a extra command making commands
) (/home/cele/.TinyTeX/texmf-dist/tex/latex/xkeyval/xkeyval.sty
Package: xkeyval 2020/11/20 v2.8 package option processing (HA)
(/home/cele/.TinyTeX/texmf-dist/tex/generic/xkeyval/xkeyval.tex (/home/cele/.Ti
nyTeX/texmf-dist/tex/generic/xkeyval/xkvutils.tex
\XKV@toks=\toks30
\XKV@tempa@toks=\toks31
)
\XKV@depth=\count314
File: xkeyval.tex 2014/12/03 v2.7a key=value parser (HA)
))
\xpg@normalclass=\XeTeXcharclass1
(/home/cele/.TinyTeX/texmf-dist/tex/latex/polyglossia/gloss-latex.ldf
File: gloss-latex.ldf polyglossia: module for default language
The property list \polyglossia@langsetup contains the pairs (without outer
braces):
>  {latex/script}  =>  {latin}
>  {latex/lcscript}  =>  {latin}
>  {latex/scripttag}  =>  {}
>  {latex/language}  =>  {Latex}
>  {latex/langtag}  =>  {ENG}
>  {latex/bcp47}  =>  {}
>  {latex/hyphennames}  =>  {english}
>  {latex/direction}  =>  {LR}
>  {latex/hyphenmins}  =>  {2,3}
>  {latex/frenchspacing}  =>  {false}
>  {latex/indentfirst}  =>  {false}
>  {latex/fontsetup}  =>  {true}
>  {latex/envname}  =>  {latex}
>  {latex/babelname}  =>  {latex}
>  {latex/localnumeral}  =>  {polyglossia@C@localnumeral}
>  {latex/Localnumeral}  =>  {polyglossia@C@localnumeral}.
)
Package polyglossia Info: Default language is latex.
) (/home/cele/.TinyTeX/texmf-dist/tex/latex/polyglossia/gloss-spanish.ldf
File: gloss-spanish.ldf polyglossia: module for spanish
The property list \polyglossia@langsetup contains the pairs (without outer
braces):
>  {latex/script}  =>  {latin}
>  {latex/lcscript}  =>  {latin}
>  {latex/scripttag}  =>  {}
>  {latex/language}  =>  {Latex}
>  {latex/langtag}  =>  {ENG}
>  {latex/bcp47}  =>  {}
>  {latex/hyphennames}  =>  {english}
>  {latex/direction}  =>  {LR}
>  {latex/hyphenmins}  =>  {2,3}
>  {latex/frenchspacing}  =>  {false}
>  {latex/indentfirst}  =>  {false}
>  {latex/fontsetup}  =>  {true}
>  {latex/envname}  =>  {latex}
>  {latex/babelname}  =>  {latex}
>  {latex/localnumeral}  =>  {polyglossia@C@localnumeral}
>  {latex/Localnumeral}  =>  {polyglossia@C@localnumeral}
>  {spanish/script}  =>  {latin}
>  {spanish/lcscript}  =>  {latin}
>  {spanish/scripttag}  =>  {}
>  {spanish/language}  =>  {Spanish}
>  {spanish/langtag}  =>  {ESP}
>  {spanish/bcp47}  =>  {es-ES}
>  {spanish/hyphennames}  =>  {spanish}
>  {spanish/direction}  =>  {LR}
>  {spanish/hyphenmins}  =>  {2,2}
>  {spanish/frenchspacing}  =>  {true}
>  {spanish/indentfirst}  =>  {true}
>  {spanish/fontsetup}  =>  {true}
>  {spanish/envname}  =>  {spanish}
>  {spanish/babelname}  =>  {spanish}
>  {spanish/localnumeral}  =>  {polyglossia@C@localnumeral}
>  {spanish/Localnumeral}  =>  {polyglossia@C@localnumeral}
>  {spanish/totalhyphenmin}  =>  {5}.

Package polyglossia Warning: No hyphenation patterns were loaded for `spanish'
(polyglossia)                I will use \language=\l@nohyphenation instead on i
nput line 13.

\l@spanish = a dialect from \language\l@nohyphenation 
Package polyglossia Info: Option: spanish, variant=spanish.
Package polyglossia Info: Option: Spanish, spanishoperators=none.
)
Package polyglossia Info: Default language is spanish.
(/home/cele/.TinyTeX/texmf-dist/tex/latex/natbib/natbib.sty
Package: natbib 2010/09/13 8.31b (PWD, AO)
\bibhang=\skip74
\bibsep=\skip75
LaTeX Info: Redefining \cite on input line 694.
\c@NAT@ctr=\count315
) (./diariotemtiano17122021.aux
LaTeX Info: Redefining \rmfamily on input line 20.
LaTeX Info: Redefining \sffamily on input line 20.
LaTeX Info: Redefining \ttfamily on input line 20.
)
\openout1 = `diariotemtiano17122021.aux'.

LaTeX Font Info:    Checking defaults for OML/cmm/m/it on input line 105.
LaTeX Font Info:    ... okay on input line 105.
LaTeX Font Info:    Checking defaults for OMS/cmsy/m/n on input line 105.
LaTeX Font Info:    ... okay on input line 105.
LaTeX Font Info:    Checking defaults for OT1/cmr/m/n on input line 105.
LaTeX Font Info:    ... okay on input line 105.
LaTeX Font Info:    Checking defaults for T1/cmr/m/n on input line 105.
LaTeX Font Info:    ... okay on input line 105.
LaTeX Font Info:    Checking defaults for TS1/cmr/m/n on input line 105.
LaTeX Font Info:    ... okay on input line 105.
LaTeX Font Info:    Checking defaults for TU/lmr/m/n on input line 105.
LaTeX Font Info:    ... okay on input line 105.
LaTeX Font Info:    Checking defaults for OMX/cmex/m/n on input line 105.
LaTeX Font Info:    ... okay on input line 105.
LaTeX Font Info:    Checking defaults for U/cmr/m/n on input line 105.
LaTeX Font Info:    ... okay on input line 105.
LaTeX Font Info:    Checking defaults for PD1/pdf/m/n on input line 105.
LaTeX Font Info:    ... okay on input line 105.
LaTeX Font Info:    Checking defaults for PU/pdf/m/n on input line 105.
LaTeX Font Info:    ... okay on input line 105.
LaTeX Font Info:    Overwriting math alphabet `\mathrm' in version `normal'
(Font)                  OT1/lmr/m/n --> TU/lmr/m/n on input line 105.
LaTeX Font Info:    Overwriting math alphabet `\mathit' in version `normal'
(Font)                  OT1/lmr/m/it --> TU/lmr/m/it on input line 105.
LaTeX Font Info:    Overwriting math alphabet `\mathbf' in version `normal'
(Font)                  OT1/lmr/bx/n --> TU/lmr/bx/n on input line 105.
LaTeX Font Info:    Overwriting math alphabet `\mathsf' in version `normal'
(Font)                  OT1/lmss/m/n --> TU/lmss/m/n on input line 105.
LaTeX Font Info:    Overwriting math alphabet `\mathsf' in version `bold'
(Font)                  OT1/lmss/bx/n --> TU/lmss/bx/n on input line 105.
LaTeX Font Info:    Overwriting math alphabet `\mathtt' in version `normal'
(Font)                  OT1/lmtt/m/n --> TU/lmtt/m/n on input line 105.
LaTeX Font Info:    Overwriting math alphabet `\mathtt' in version `bold'
(Font)                  OT1/lmtt/m/n --> TU/lmtt/bx/n on input line 105.

Package fontspec Info: latinmodern-math scale = 0.9999964596882403.


Package fontspec Info: latinmodern-math scale = 0.9999964596882403.


Package fontspec Info: latinmodern-math scale = 0.9999964596882403.


Package fontspec Info: Font family 'latinmodern-math.otf(0)' created for font
(fontspec)             'latinmodern-math.otf' with options
(fontspec)             [Scale=MatchLowercase,BoldItalicFont={},ItalicFont={},Sm
allCapsFont={},Script=Math,BoldFont={latinmodern-math.otf}].
(fontspec)              
(fontspec)              This font family consists of the following NFSS
(fontspec)             series/shapes:
(fontspec)              
(fontspec)             - 'normal' (m/n) with NFSS spec.:
(fontspec)             <->s*[0.9999964596882403]"[latinmodern-math.otf]/OT:scri
pt=math;language=dflt;"
(fontspec)             - 'small caps'  (m/sc) with NFSS spec.: 
(fontspec)             - 'bold' (b/n) with NFSS spec.:
(fontspec)             <->s*[0.9999964596882403]"[latinmodern-math.otf]/OT:scri
pt=math;language=dflt;"
(fontspec)             - 'bold small caps'  (b/sc) with NFSS spec.: 

LaTeX Font Info:    Font shape `TU/latinmodern-math.otf(0)/m/n' will be
(Font)              scaled to size 10.0pt on input line 105.

Package fontspec Info: latinmodern-math scale = 0.9999964596882403.


Package fontspec Info: latinmodern-math scale = 0.9999964596882403.


Package fontspec Info: latinmodern-math scale = 0.9999964596882403.


Package fontspec Info: latinmodern-math scale = 0.9999964596882403.


Package fontspec Info: latinmodern-math scale = 0.9999964596882403.


Package fontspec Info: Font family 'latinmodern-math.otf(1)' created for font
(fontspec)             'latinmodern-math.otf' with options
(fontspec)             [Scale=MatchLowercase,BoldItalicFont={},ItalicFont={},Sm
allCapsFont={},Script=Math,SizeFeatures={{Size=8.5-},{Size=6-8.5,Font=latinmode
rn-math.otf,Style=MathScript},{Size=-6,Font=latinmodern-math.otf,Style=MathScri
ptScript}},BoldFont={latinmodern-math.otf}].
(fontspec)              
(fontspec)              This font family consists of the following NFSS
(fontspec)             series/shapes:
(fontspec)              
(fontspec)             - 'normal' (m/n) with NFSS spec.:
(fontspec)             <8.5->s*[0.9999964596882403]"[latinmodern-math.otf]/OT:s
cript=math;language=dflt;"<6-8.5>s*[0.9999964596882403]"[latinmodern-math.otf]/
OT:script=math;language=dflt;+ssty=0;"<-6>s*[0.9999964596882403]"[latinmodern-m
ath.otf]/OT:script=math;language=dflt;+ssty=1;"
(fontspec)             - 'small caps'  (m/sc) with NFSS spec.: 
(fontspec)             - 'bold' (b/n) with NFSS spec.:
(fontspec)             <->s*[0.9999964596882403]"[latinmodern-math.otf]/OT:scri
pt=math;language=dflt;"
(fontspec)             - 'bold small caps'  (b/sc) with NFSS spec.: 

LaTeX Font Info:    Font shape `TU/latinmodern-math.otf(1)/m/n' will be
(Font)              scaled to size 10.0pt on input line 105.
LaTeX Font Info:    Encoding `OT1' has changed to `TU' for symbol font
(Font)              `operators' in the math version `normal' on input line 105.

LaTeX Font Info:    Overwriting symbol font `operators' in version `normal'
(Font)                  OT1/lmr/m/n --> TU/latinmodern-math.otf(1)/m/n on input
 line 105.
LaTeX Font Info:    Encoding `OT1' has changed to `TU' for symbol font
(Font)              `operators' in the math version `bold' on input line 105.
LaTeX Font Info:    Overwriting symbol font `operators' in version `bold'
(Font)                  OT1/lmr/bx/n --> TU/latinmodern-math.otf(1)/b/n on inpu
t line 105.

Package fontspec Info: latinmodern-math scale = 0.9999964596882403.


Package fontspec Info: latinmodern-math scale = 1.000096459334209.


Package fontspec Info: latinmodern-math scale = 0.9999964596882403.


Package fontspec Info: latinmodern-math scale = 1.000096459334209.


Package fontspec Info: latinmodern-math scale = 0.9999964596882403.


Package fontspec Info: latinmodern-math scale = 1.000096459334209.


Package fontspec Info: latinmodern-math scale = 0.9999964596882403.


Package fontspec Info: latinmodern-math scale = 1.000096459334209.


Package fontspec Info: latinmodern-math scale = 0.9999964596882403.


Package fontspec Info: latinmodern-math scale = 1.000096459334209.


Package fontspec Info: Font family 'latinmodern-math.otf(2)' created for font
(fontspec)             'latinmodern-math.otf' with options
(fontspec)             [Scale=MatchLowercase,BoldItalicFont={},ItalicFont={},Sm
allCapsFont={},Script=Math,SizeFeatures={{Size=8.5-},{Size=6-8.5,Font=latinmode
rn-math.otf,Style=MathScript},{Size=-6,Font=latinmodern-math.otf,Style=MathScri
ptScript}},BoldFont={latinmodern-math.otf},ScaleAgain=1.0001,FontAdjustment={\f
ontdimen
(fontspec)             8\font =6.77pt\relax \fontdimen 9\font =3.94pt\relax
(fontspec)             \fontdimen 10\font =4.44pt\relax \fontdimen 11\font
(fontspec)             =6.86pt\relax \fontdimen 12\font =3.45pt\relax
(fontspec)             \fontdimen 13\font =3.63pt\relax \fontdimen 14\font
(fontspec)             =3.63pt\relax \fontdimen 15\font =2.89pt\relax
(fontspec)             \fontdimen 16\font =2.47pt\relax \fontdimen 17\font
(fontspec)             =2.47pt\relax \fontdimen 18\font =2.5pt\relax
(fontspec)             \fontdimen 19\font =2.0pt\relax \fontdimen 22\font
(fontspec)             =2.5pt\relax \fontdimen 20\font =0pt\relax \fontdimen
(fontspec)             21\font =0pt\relax }].
(fontspec)              
(fontspec)              This font family consists of the following NFSS
(fontspec)             series/shapes:
(fontspec)              
(fontspec)             - 'normal' (m/n) with NFSS spec.:
(fontspec)             <8.5->s*[1.000096459334209]"[latinmodern-math.otf]/OT:sc
ript=math;language=dflt;"<6-8.5>s*[1.000096459334209]"[latinmodern-math.otf]/OT
:script=math;language=dflt;+ssty=0;"<-6>s*[1.000096459334209]"[latinmodern-math
.otf]/OT:script=math;language=dflt;+ssty=1;"
(fontspec)             - 'small caps'  (m/sc) with NFSS spec.: 
(fontspec)             and font adjustment code:
(fontspec)             \fontdimen 8\font =6.77pt\relax \fontdimen 9\font
(fontspec)             =3.94pt\relax \fontdimen 10\font =4.44pt\relax
(fontspec)             \fontdimen 11\font =6.86pt\relax \fontdimen 12\font
(fontspec)             =3.45pt\relax \fontdimen 13\font =3.63pt\relax
(fontspec)             \fontdimen 14\font =3.63pt\relax \fontdimen 15\font
(fontspec)             =2.89pt\relax \fontdimen 16\font =2.47pt\relax
(fontspec)             \fontdimen 17\font =2.47pt\relax \fontdimen 18\font
(fontspec)             =2.5pt\relax \fontdimen 19\font =2.0pt\relax \fontdimen
(fontspec)             22\font =2.5pt\relax \fontdimen 20\font =0pt\relax
(fontspec)             \fontdimen 21\font =0pt\relax 
(fontspec)             - 'bold' (b/n) with NFSS spec.:
(fontspec)             <->s*[1.000096459334209]"[latinmodern-math.otf]/OT:scrip
t=math;language=dflt;"
(fontspec)             - 'bold small caps'  (b/sc) with NFSS spec.: 
(fontspec)             and font adjustment code:
(fontspec)             \fontdimen 8\font =6.77pt\relax \fontdimen 9\font
(fontspec)             =3.94pt\relax \fontdimen 10\font =4.44pt\relax
(fontspec)             \fontdimen 11\font =6.86pt\relax \fontdimen 12\font
(fontspec)             =3.45pt\relax \fontdimen 13\font =3.63pt\relax
(fontspec)             \fontdimen 14\font =3.63pt\relax \fontdimen 15\font
(fontspec)             =2.89pt\relax \fontdimen 16\font =2.47pt\relax
(fontspec)             \fontdimen 17\font =2.47pt\relax \fontdimen 18\font
(fontspec)             =2.5pt\relax \fontdimen 19\font =2.0pt\relax \fontdimen
(fontspec)             22\font =2.5pt\relax \fontdimen 20\font =0pt\relax
(fontspec)             \fontdimen 21\font =0pt\relax 

LaTeX Font Info:    Encoding `OMS' has changed to `TU' for symbol font
(Font)              `symbols' in the math version `normal' on input line 105.
LaTeX Font Info:    Overwriting symbol font `symbols' in version `normal'
(Font)                  OMS/lmsy/m/n --> TU/latinmodern-math.otf(2)/m/n on inpu
t line 105.
LaTeX Font Info:    Encoding `OMS' has changed to `TU' for symbol font
(Font)              `symbols' in the math version `bold' on input line 105.
LaTeX Font Info:    Overwriting symbol font `symbols' in version `bold'
(Font)                  OMS/lmsy/b/n --> TU/latinmodern-math.otf(2)/b/n on inpu
t line 105.

Package fontspec Info: latinmodern-math scale = 0.9999964596882403.


Package fontspec Info: latinmodern-math scale = 0.9998964600422715.


Package fontspec Info: latinmodern-math scale = 0.9999964596882403.


Package fontspec Info: latinmodern-math scale = 0.9998964600422715.


Package fontspec Info: latinmodern-math scale = 0.9999964596882403.


Package fontspec Info: latinmodern-math scale = 0.9998964600422715.


Package fontspec Info: latinmodern-math scale = 0.9999964596882403.


Package fontspec Info: latinmodern-math scale = 0.9998964600422715.


Package fontspec Info: latinmodern-math scale = 0.9999964596882403.


Package fontspec Info: latinmodern-math scale = 0.9998964600422715.


Package fontspec Info: Font family 'latinmodern-math.otf(3)' created for font
(fontspec)             'latinmodern-math.otf' with options
(fontspec)             [Scale=MatchLowercase,BoldItalicFont={},ItalicFont={},Sm
allCapsFont={},Script=Math,SizeFeatures={{Size=8.5-},{Size=6-8.5,Font=latinmode
rn-math.otf,Style=MathScript},{Size=-6,Font=latinmodern-math.otf,Style=MathScri
ptScript}},BoldFont={latinmodern-math.otf},ScaleAgain=0.9999,FontAdjustment={\f
ontdimen
(fontspec)             8\font =0.4pt\relax \fontdimen 9\font =2.0pt\relax
(fontspec)             \fontdimen 10\font =1.67pt\relax \fontdimen 11\font
(fontspec)             =1.11pt\relax \fontdimen 12\font =6.0pt\relax
(fontspec)             \fontdimen 13\font =0pt\relax }].
(fontspec)              
(fontspec)              This font family consists of the following NFSS
(fontspec)             series/shapes:
(fontspec)              
(fontspec)             - 'normal' (m/n) with NFSS spec.:
(fontspec)             <8.5->s*[0.9998964600422715]"[latinmodern-math.otf]/OT:s
cript=math;language=dflt;"<6-8.5>s*[0.9998964600422715]"[latinmodern-math.otf]/
OT:script=math;language=dflt;+ssty=0;"<-6>s*[0.9998964600422715]"[latinmodern-m
ath.otf]/OT:script=math;language=dflt;+ssty=1;"
(fontspec)             - 'small caps'  (m/sc) with NFSS spec.: 
(fontspec)             and font adjustment code:
(fontspec)             \fontdimen 8\font =0.4pt\relax \fontdimen 9\font
(fontspec)             =2.0pt\relax \fontdimen 10\font =1.67pt\relax
(fontspec)             \fontdimen 11\font =1.11pt\relax \fontdimen 12\font
(fontspec)             =6.0pt\relax \fontdimen 13\font =0pt\relax 
(fontspec)             - 'bold' (b/n) with NFSS spec.:
(fontspec)             <->s*[0.9998964600422715]"[latinmodern-math.otf]/OT:scri
pt=math;language=dflt;"
(fontspec)             - 'bold small caps'  (b/sc) with NFSS spec.: 
(fontspec)             and font adjustment code:
(fontspec)             \fontdimen 8\font =0.4pt\relax \fontdimen 9\font
(fontspec)             =2.0pt\relax \fontdimen 10\font =1.67pt\relax
(fontspec)             \fontdimen 11\font =1.11pt\relax \fontdimen 12\font
(fontspec)             =6.0pt\relax \fontdimen 13\font =0pt\relax 

LaTeX Font Info:    Encoding `OMX' has changed to `TU' for symbol font
(Font)              `largesymbols' in the math version `normal' on input line 1
05.
LaTeX Font Info:    Overwriting symbol font `largesymbols' in version `normal'
(Font)                  OMX/lmex/m/n --> TU/latinmodern-math.otf(3)/m/n on inpu
t line 105.
LaTeX Font Info:    Encoding `OMX' has changed to `TU' for symbol font
(Font)              `largesymbols' in the math version `bold' on input line 105
.
LaTeX Font Info:    Overwriting symbol font `largesymbols' in version `bold'
(Font)                  OMX/lmex/m/n --> TU/latinmodern-math.otf(3)/b/n on inpu
t line 105.
Package hyperref Info: Link coloring OFF on input line 105.
(/home/cele/.TinyTeX/texmf-dist/tex/latex/hyperref/nameref.sty
Package: nameref 2021-04-02 v2.47 Cross-referencing by name of section
(/home/cele/.TinyTeX/texmf-dist/tex/latex/refcount/refcount.sty
Package: refcount 2019/12/15 v3.6 Data extraction from label references (HO)
) (/home/cele/.TinyTeX/texmf-dist/tex/generic/gettitlestring/gettitlestring.sty
Package: gettitlestring 2019/12/15 v1.6 Cleanup title references (HO)
)
\c@section@level=\count316
)
LaTeX Info: Redefining \ref on input line 105.
LaTeX Info: Redefining \pageref on input line 105.
LaTeX Info: Redefining \nameref on input line 105.
(./diariotemtiano17122021.out) (./diariotemtiano17122021.out)
\@outlinefile=\write3
\openout3 = `diariotemtiano17122021.out'.

LaTeX Info: Redefining \rmfamily on input line 105.
LaTeX Info: Redefining \sffamily on input line 105.
LaTeX Info: Redefining \ttfamily on input line 105.
LaTeX Font Info:    Font shape `TU/latinmodern-math.otf(1)/m/n' will be
(Font)              scaled to size 12.0pt on input line 107.
LaTeX Font Info:    Font shape `TU/latinmodern-math.otf(1)/m/n' will be
(Font)              scaled to size 8.0pt on input line 107.
LaTeX Font Info:    Font shape `TU/latinmodern-math.otf(1)/m/n' will be
(Font)              scaled to size 6.0pt on input line 107.
LaTeX Font Info:    Trying to load font information for OML+lmm on input line 1
07.
(/home/cele/.TinyTeX/texmf-dist/tex/latex/lm/omllmm.fd
File: omllmm.fd 2015/05/01 v1.6.1 Font defs for Latin Modern
)
LaTeX Font Info:    Font shape `TU/latinmodern-math.otf(2)/m/n' will be
(Font)              scaled to size 12.0011pt on input line 107.
LaTeX Font Info:    Font shape `TU/latinmodern-math.otf(2)/m/n' will be
(Font)              scaled to size 8.00073pt on input line 107.
LaTeX Font Info:    Font shape `TU/latinmodern-math.otf(2)/m/n' will be
(Font)              scaled to size 6.00055pt on input line 107.
LaTeX Font Info:    Font shape `TU/latinmodern-math.otf(3)/m/n' will be
(Font)              scaled to size 11.99872pt on input line 107.
LaTeX Font Info:    Font shape `TU/latinmodern-math.otf(3)/m/n' will be
(Font)              scaled to size 7.99915pt on input line 107.
LaTeX Font Info:    Font shape `TU/latinmodern-math.otf(3)/m/n' will be
(Font)              scaled to size 5.99936pt on input line 107.
LaTeX Font Info:    Trying to load font information for U+msa on input line 107
.
(/home/cele/.TinyTeX/texmf-dist/tex/latex/amsfonts/umsa.fd
File: umsa.fd 2013/01/14 v3.01 AMS symbols A
)
LaTeX Font Info:    Trying to load font information for U+msb on input line 107
.
(/home/cele/.TinyTeX/texmf-dist/tex/latex/amsfonts/umsb.fd
File: umsb.fd 2013/01/14 v3.01 AMS symbols B
) [1


] [2

] (./diariotemtiano17122021.toc
LaTeX Info: Redefining \rmfamily on input line 1.
LaTeX Info: Redefining \sffamily on input line 1.
LaTeX Info: Redefining \ttfamily on input line 1.
LaTeX Font Info:    Font shape `TU/latinmodern-math.otf(1)/m/n' will be
(Font)              scaled to size 7.0pt on input line 3.
LaTeX Font Info:    Font shape `TU/latinmodern-math.otf(1)/m/n' will be
(Font)              scaled to size 5.0pt on input line 3.
LaTeX Font Info:    Font shape `TU/latinmodern-math.otf(2)/m/n' will be
(Font)              scaled to size 10.00092pt on input line 3.
LaTeX Font Info:    Font shape `TU/latinmodern-math.otf(2)/m/n' will be
(Font)              scaled to size 7.00064pt on input line 3.
LaTeX Font Info:    Font shape `TU/latinmodern-math.otf(2)/m/n' will be
(Font)              scaled to size 5.00046pt on input line 3.
LaTeX Font Info:    Font shape `TU/latinmodern-math.otf(3)/m/n' will be
(Font)              scaled to size 9.99893pt on input line 3.
LaTeX Font Info:    Font shape `TU/latinmodern-math.otf(3)/m/n' will be
(Font)              scaled to size 6.99925pt on input line 3.
LaTeX Font Info:    Font shape `TU/latinmodern-math.otf(3)/m/n' will be
(Font)              scaled to size 4.99947pt on input line 3.
[3]
Underfull \hbox (badness 1609) in paragraph at lines 28--28
 [][] []\TU/lmr/m/n/10 Temti entre los grandes, o debajo de ellos (Segundo capí
tulo, 
 []


Underfull \hbox (badness 4582) in paragraph at lines 30--30
 [][] []\TU/lmr/m/n/10 El retorno de las invasiones escandalosas (Segundo capít
ulo, 
 []


Underfull \hbox (badness 7740) in paragraph at lines 40--40
 [][] []\TU/lmr/m/n/10 La finalmente explicita propagación roja (Segundo capítu
lo, 
 []


Underfull \hbox (badness 2119) in paragraph at lines 43--43
 [][] []\TU/lmr/m/n/10 El comienzo de una nueva prueba de fuego (Tercer capítul
o, 
 []

[4]
Underfull \hbox (badness 4217) in paragraph at lines 53--53
 [][] []\TU/lmr/m/n/10 Las esqueléticas sobras del añorado pasado (Tercer capít
ulo, 
 []


Underfull \hbox (badness 1888) in paragraph at lines 55--55
 [][] []\TU/lmr/m/n/10 La nueva Temti, y otra de sus proyecciones (Tercer capít
ulo, 
 []


Underfull \hbox (badness 10000) in paragraph at lines 71--71
 [][] []\TU/lmr/m/n/10 Coparticipativos desequilibrios territoriales (Quinto ca
pítulo, 
 []

[5]
Underfull \hbox (badness 4569) in paragraph at lines 94--94
 [][] []\TU/lmr/m/n/10 Los recovecos donde el humo amarillento (Séptimo capítul
o, 
 []


Underfull \hbox (badness 3179) in paragraph at lines 97--97
 [][] []\TU/lmr/m/n/10 La combinación de las monedas corrientes (Séptimo capítu
lo, 
 []

[6]
Underfull \hbox (badness 3000) in paragraph at lines 103--103
 [][] []\TU/lmr/m/n/10 El momento cíclico del albergue marginado (Octavo capítu
lo, 
 []

)
\tf@toc=\write4
\openout4 = `diariotemtiano17122021.toc'.

[7] [8

] [9] [10

]
Underfull \hbox (badness 1097) in paragraph at lines 141--142
\TU/lmr/m/n/10 donde partiendo desde la fecha del 17.01.2021, en orden cronológ
ico se
 []

[11]
Underfull \hbox (badness 2027) in paragraph at lines 177--178
[]\TU/lmr/m/n/10 Especiales gracias a los tantos sitios (Temti.net, Arged.ga, V
oxed.club,
 []


Overfull \hbox (5.77335pt too wide) in paragraph at lines 177--178
\TU/lmr/m/n/10 Tsubit.com, Rouzer.fun, Oldtemti.herokuapp.com, Grupostemti.hero
kuapp.com),
 []

[12]
Underfull \hbox (badness 1701) in paragraph at lines 191--192
[]\TU/lmr/m/n/10 CRÓNICAS TEMTIANAS - Reedición 17.01 []$[][][][][] [] [] [] []
[][][][][][][] [] [][][] []
 []

[13

] [14

]
Underfull \hbox (badness 1043) in paragraph at lines 199--200
\TU/lmr/m/n/10 y tiempo, bajo las ordenes de ciertos principios y deberes moral
es, los
 []


Underfull \hbox (badness 1831) in paragraph at lines 199--200
\TU/lmr/m/n/10 acontecimientos más relevantes vuelven a ser revividos e interpr
etados,
 []

[15] [16

]
Underfull \vbox (badness 10000) has occurred while \output is active []

[17] [18]
Overfull \hbox (10.1921pt too wide) in paragraph at lines 247--247
[][]\TU/lmr/bx/n/14.4 Un auténtico renacer (Primer capítulo, subcapítulo
 []

[19]
Underfull \hbox (badness 1715) in paragraph at lines 274--274
[][]\TU/lmr/bx/n/14.4 Concretando la evacuación (Primer capítulo,
 []

[20]
Underfull \hbox (badness 1867) in paragraph at lines 280--281
\TU/lmr/m/n/10 para que las vidas de los temtiteros puedan continuar sin sobres
altos
 []


Underfull \hbox (badness 1005) in paragraph at lines 282--283
\TU/lmr/m/n/10 es imposible de comparar con el misterioso A., ambos tienen bast
antes
 []

[21]
Underfull \hbox (badness 1097) in paragraph at lines 313--314
[]\TU/lmr/m/n/10 Es una pregunta que sin saber muchos se animaron a responder, 
pero
 []

[22] [23]
Underfull \hbox (badness 1609) in paragraph at lines 343--344
\TU/lmr/m/n/10 alrededores buscando una tierra estable donde establecerse o al 
menos
 []

[24] [25] [26]
Underfull \hbox (badness 1430) in paragraph at lines 392--392
[][]\TU/lmr/bx/n/14.4 El reencuentro del potencial vacío (Segundo
 []


Underfull \vbox (badness 10000) has occurred while \output is active []

[27

] [28] [29] [30]
Underfull \hbox (badness 1859) in paragraph at lines 450--451
\TU/lmr/m/n/10 ambientales más contemporáneas, se sumó a las enormes temperatur
as
 []

[31]
Underfull \hbox (badness 1264) in paragraph at lines 473--474
\TU/lmr/m/n/10 reconstrucción, discretamente la identificación de los dominios 
temtianos
 []

[32] [33] [34] [35]
Underfull \hbox (badness 1810) in paragraph at lines 541--541
[][]\TU/lmr/bx/n/14.4 Temti entre los grandes, o debajo de ellos
 []

[36] [37]
Overfull \hbox (3.35033pt too wide) in paragraph at lines 587--587
[][]\TU/lmr/bx/n/14.4 El retorno de las invasiones escandalosas (Segundo
 []

[38]
Underfull \hbox (badness 1590) in paragraph at lines 595--596
\TU/lmr/m/n/10 habiendo expulsado a enormes cantidades de gente de sus dominios
 y
 []

[39] [40] [41] [42] [43]
Underfull \hbox (badness 10000) in paragraph at lines 705--705
[][]\TU/lmr/bx/n/14.4 Copamiento sospechoso (Segundo capítulo,
 []

[44] [45]
Underfull \hbox (badness 1436) in paragraph at lines 723--724
\TU/lmr/m/n/10 mandamás del sitio se mostró muy molesto al respecto, pero salvo
 lo
 []


Underfull \hbox (badness 3098) in paragraph at lines 728--728
[][]\TU/lmr/bx/n/14.4 Sobre la retardada modernización (Segundo
 []

[46]
Underfull \hbox (badness 1509) in paragraph at lines 746--747
\TU/lmr/m/n/10 corriente totalmente nueva se formó, la de aquellos que extender
ían y
 []

[47] [48] [49] [50]
Overfull \hbox (3.30711pt too wide) in paragraph at lines 811--811
[][]\TU/lmr/bx/n/14.4 La finalmente explicita propagación roja (Segundo
 []

[51] [52] [53] [54]
Underfull \hbox (badness 1057) in paragraph at lines 868--868
[][]\TU/lmr/bx/n/14.4 El comienzo de una nueva prueba de fuego
 []

[55

] [56]
Overfull \hbox (20.8481pt too wide) in paragraph at lines 897--897
[][]\TU/lmr/bx/n/14.4 Prestigio no tan valioso (Tercer capítulo, subcapítulo
 []

[57]
Underfull \hbox (badness 1558) in paragraph at lines 916--916
[][]\TU/lmr/bx/n/14.4 La protección en un lugar inseguro (Tercer
 []

[58]
Underfull \hbox (badness 1057) in paragraph at lines 940--941
[]\TU/lmr/m/n/10 La Agencia habría descubierto que esta constantemente está rep
ortando
 []


Underfull \hbox (badness 2443) in paragraph at lines 949--949
[][]\TU/lmr/bx/n/14.4 A falta de oro verdadero (Tercer capítulo,
 []


Underfull \vbox (badness 6396) has occurred while \output is active []

[59]
Underfull \hbox (badness 1708) in paragraph at lines 965--966
\TU/lmr/m/n/10 conocidas y poco disimuladas influencias al vocabulario que mane
ja el
 []


Underfull \hbox (badness 4366) in paragraph at lines 965--966
\TU/lmr/m/n/10 dentro de Temti adquirieron más notoriedad la cantidad de anones

 []

[60]
Underfull \hbox (badness 2189) in paragraph at lines 980--981
[]\TU/lmr/m/n/10 Siendo algo que suele ocurrir de manera circunstancial, Temti 
revivió
 []

[61]
Underfull \hbox (badness 1968) in paragraph at lines 987--987
[][]\TU/lmr/bx/n/14.4 Destellos reiterados en la oscuridad (Tercer
 []


Underfull \hbox (badness 1694) in paragraph at lines 995--996
[]\TU/lmr/m/n/10 Dentro de esta, parece haber muy pocos de los individuos indes
eados
 []


Underfull \hbox (badness 10000) in paragraph at lines 1002--1002
[][]\TU/lmr/bx/n/14.4 Los primeros fracasos enigmáticos (Tercer
 []

[62]
Underfull \hbox (badness 1509) in paragraph at lines 1008--1009
\TU/lmr/m/n/10 aparición de anuncios sobre algunos productos comerciales en con
creto,
 []


Underfull \hbox (badness 1189) in paragraph at lines 1014--1015
[]\TU/lmr/m/n/10 Rápidamente tras unas pocas repercusiones generadas por los fl
amantes
 []


Underfull \hbox (badness 2512) in paragraph at lines 1016--1017
[]\TU/lmr/m/n/10 España, MoCn, diversas apariencias similares, videojuegos, Inv
estigator,
 []

[63] [64]
Underfull \hbox (badness 5939) in paragraph at lines 1048--1048
[][]\TU/lmr/bx/n/14.4 La intensificación del frío silencio (Tercer
 []

[65]
Underfull \hbox (badness 1331) in paragraph at lines 1074--1074
[][]\TU/lmr/bx/n/14.4 Los recortes más evidentes (Tercer capítulo,
 []


Underfull \vbox (badness 10000) has occurred while \output is active []

[66]
Underfull \hbox (badness 2790) in paragraph at lines 1097--1097
[][]\TU/lmr/bx/n/14.4 Las esqueléticas sobras del añorado pasado
 []


Underfull \vbox (badness 1286) has occurred while \output is active []

[67] [68]
Underfull \hbox (badness 1033) in paragraph at lines 1119--1120
[]\TU/lmr/m/n/10 Con estas evidencias recién descubiertas, desde el inicio de l
a conocida
 []


Underfull \hbox (badness 6428) in paragraph at lines 1122--1122
[][]\TU/lmr/bx/n/14.4 La incultura al desnudo (Tercer capítulo,
 []

[69]
Underfull \hbox (badness 2393) in paragraph at lines 1136--1137
[]\TU/lmr/m/n/10 Aquellas custodias de MoCn que regresaron en momentos muy duro
s
 []

[70] [71] [72] [73] [74]
Underfull \hbox (badness 1297) in paragraph at lines 1222--1222
[][]\TU/lmr/bx/n/14.4 Una noche de lucha a la amargura (Tercer
 []

[75] [76]
Underfull \hbox (badness 1571) in paragraph at lines 1259--1260
\TU/lmr/m/n/10 demuestran una inteligencia bastante limitada, que además de imp
oner
 []

[77]
Overfull \hbox (20.47368pt too wide) in paragraph at lines 1281--1281
[][]\TU/lmr/bx/n/14.4 Inestabilidad silenciosa (Tercer capítulo, subcapítulo
 []

[78] [79] [80] [81

] [82]
Underfull \hbox (badness 1436) in paragraph at lines 1347--1348
\TU/lmr/m/n/10 implementó una llamativa nueva apariencia para decorar únicament
e la
 []

[83] [84]
Underfull \vbox (badness 10000) has occurred while \output is active []

[85

] [86]
Underfull \hbox (badness 1127) in paragraph at lines 1409--1410
\TU/lmr/m/n/10 fuera de fronteras, recurrentes coqueteos entre desconocidos, pr
opaganda
 []

[87]
Underfull \vbox (badness 10000) has occurred while \output is active []

[88] [89]
Underfull \hbox (badness 1303) in paragraph at lines 1451--1452
\TU/lmr/m/n/10 administrador, concluyó múltiples modificaciones que apuntan a c
orregir
 []

[90] [91]
Underfull \hbox (badness 10000) in paragraph at lines 1468--1468
[][]\TU/lmr/bx/n/14.4 Coparticipativos desequilibrios territoriales
 []


Underfull \hbox (badness 3907) in paragraph at lines 1480--1481
\TU/lmr/m/n/10 dominado por las habladurías nacionalistas de los temtianons y s
us
 []

[92] [93] [94]
Underfull \hbox (badness 1895) in paragraph at lines 1529--1529
[][]\TU/lmr/bx/n/14.4 La caída en la lucha trascendental (Quinto
 []


Underfull \vbox (badness 10000) has occurred while \output is active []

[95]
Underfull \hbox (badness 2608) in paragraph at lines 1543--1544
[]\TU/lmr/m/n/10 La causa parece estar muy vacía, e inevitablemente, con muy po
cos
 []

[96] [97] [98] [99] [100] [101] [102] [103] [104

]
Underfull \vbox (badness 10000) has occurred while \output is active []

[105] [106]
Underfull \hbox (badness 1365) in paragraph at lines 1684--1685
\TU/lmr/m/n/10 por las dos primeras opciones, pero de igual forma con especulac
iones
 []

[107]
Underfull \hbox (badness 1184) in paragraph at lines 1708--1708
[][]\TU/lmr/bx/n/14.4 La calma de la fría lejanía (Sexto capítulo,
 []

[108]
Underfull \hbox (badness 5359) in paragraph at lines 1723--1723
[][]\TU/lmr/bx/n/14.4 En vísperas de aterrizaje (Sexto capítulo,
 []

[109] [110]
Underfull \hbox (badness 1953) in paragraph at lines 1760--1761
[]\TU/lmr/m/n/10 Y antes de reiterar el error de creer o confiar que Temti no p
uede
 []


Underfull \hbox (badness 1264) in paragraph at lines 1760--1761
\TU/lmr/m/n/10 continuar permaneciendo así mucho rato más, mejor recordar que p
ara
 []


Underfull \hbox (badness 3407) in paragraph at lines 1763--1763
[][]\TU/lmr/bx/n/14.4 Sobre el insondable límite (Sexto capítulo,
 []

[111] [112] [113]
Underfull \hbox (badness 1424) in paragraph at lines 1819--1820
\TU/lmr/m/n/10 supuestas averías popularmente conocidas como bugs casi nunca fu
eron
 []


Underfull \hbox (badness 2990) in paragraph at lines 1826--1826
[][]\TU/lmr/bx/n/14.4 La tierra de mensajes intermitentes (Sexto
 []


Underfull \vbox (badness 10000) has occurred while \output is active []

[114] [115] [116

]
Underfull \hbox (badness 1783) in paragraph at lines 1847--1848
\TU/lmr/m/n/10 reconstrucción, etc., nunca adelantaron correctamente para los m
ortales
 []

[117] [118]
Underfull \hbox (badness 1742) in paragraph at lines 1871--1871
[][]\TU/lmr/bx/n/14.4 El tambaleante festival de cepillos (Séptimo
 []


Underfull \hbox (badness 1117) in paragraph at lines 1879--1880
[]\TU/lmr/m/n/10 Al parecer, aún cuando en un principio no aparentaban haber gr
andes
 []


Underfull \hbox (badness 1152) in paragraph at lines 1887--1888
[]\TU/lmr/m/n/10 Sin posibilidad de hacer llegar denuncias o reclamos protocola
res a las
 []

[119]
Overfull \hbox (6.63531pt too wide) in paragraph at lines 1894--1894
[][]\TU/lmr/bx/n/14.4 Avances a la usanza (Séptimo capítulo, subcapítulo
 []

[120]
Underfull \hbox (badness 6526) in paragraph at lines 1913--1913
[][]\TU/lmr/bx/n/14.4 Los recovecos donde el humo amarillento
 []

[121] [122]
Underfull \hbox (badness 6641) in paragraph at lines 1937--1938
[]\TU/lmr/m/n/10 Podrían ser desperfectos indeseados, podrían ser varias causal
idades
 []


Underfull \hbox (badness 1226) in paragraph at lines 1937--1938
\TU/lmr/m/n/10 intencionales, podrían ser productos del descuido consciente, co
mo todo
 []


Underfull \hbox (badness 1831) in paragraph at lines 1946--1947
\TU/lmr/m/n/10 superioridad globalmente los espacios temtianos, alguien está al
 asecho
 []

[123]
Underfull \hbox (badness 1168) in paragraph at lines 1956--1957
[]\TU/lmr/m/n/10 No consta cómo continúa aquello, pero en cierto modo los prece
dentes
 []

[124]
Underfull \hbox (badness 1014) in paragraph at lines 1965--1966
[]\TU/lmr/m/n/10 Al margen de las actividades ilícitas y legales, pero en ciert
a forma a
 []

[125]
Underfull \hbox (badness 1616) in paragraph at lines 1977--1978
\TU/lmr/m/n/10 ingreso. Con la prestigiosa Cloudfare, se protege Temti de todo 
aquel
 []


Underfull \hbox (badness 4291) in paragraph at lines 1982--1982
[][]\TU/lmr/bx/n/14.4 La combinación de las monedas corrientes
 []

[126] [127] [128]
Underfull \hbox (badness 1466) in paragraph at lines 2019--2020
[]\TU/lmr/m/n/10 Imaginando qué podrían representar, teorías posibles hay varia
s. A los
 []


Underfull \hbox (badness 2318) in paragraph at lines 2022--2022
[][]\TU/lmr/bx/n/14.4 El alza de la vanguardia fúnebre (Séptimo
 []


Underfull \hbox (badness 1442) in paragraph at lines 2028--2029
\TU/lmr/m/n/10 carentes de explicación oficial y a su vez reafirmó los convenci
mientos
 []

[129]
Underfull \hbox (badness 1248) in paragraph at lines 2036--2037
[]\TU/lmr/m/n/10 Habrá que ver hasta cuándo se dilata este estado, se entiende 
que la
 []

[130] [131] [132]
Underfull \hbox (badness 2343) in paragraph at lines 2074--2075
\TU/lmr/m/n/10 devoluciones, pero son difíciles de clasificar. Tibios cuestiona
mientos e
 []

[133] [134

] [135]
Underfull \hbox (badness 2285) in paragraph at lines 2090--2090
[][]\TU/lmr/bx/n/14.4 El momento cíclico del albergue marginado
 []

[136]
Underfull \hbox (badness 1629) in paragraph at lines 2108--2109
[]\TU/lmr/m/n/10 En este principio, la percepción del tiempo es medianamente ig
norada
 []


Underfull \vbox (badness 10000) has occurred while \output is active []

[137]
Underfull \hbox (badness 1708) in paragraph at lines 2123--2124
\TU/lmr/m/n/10 su movimiento, sus interacciones continuas, su vitalidad en cond
iciones
 []

[138]
Underfull \hbox (badness 6396) in paragraph at lines 2142--2142
[][]\TU/lmr/bx/n/14.4 El hambre del avaro oportunista (Octavo
 []


Underfull \vbox (badness 10000) has occurred while \output is active []

[139]
Underfull \hbox (badness 2495) in paragraph at lines 2148--2149
\TU/lmr/m/n/10 hospitalarias y prometedoras, no prevalecieron los pocos motivos
 para
 []


Underfull \hbox (badness 4217) in paragraph at lines 2150--2151
[]\TU/lmr/m/n/10 No obstante, fuera de la realidad continuamente construida por
 las
 []

[140] [141]
Overfull \hbox (20.5169pt too wide) in paragraph at lines 2180--2180
[][]\TU/lmr/bx/n/14.4 Pensando en la muerte (Octavo capítulo, subcapítulo
 []

[142]
Underfull \hbox (badness 4341) in paragraph at lines 2199--2199
[][]\TU/lmr/bx/n/14.4 La amnesia consagratoria (Octavo capítulo,
 []


Underfull \vbox (badness 10000) has occurred while \output is active []

[143] [144] [145

]
The property list \polyglossia@langsetup contains the pairs (without outer
braces):
>  {latex/script}  =>  {latin}
>  {latex/lcscript}  =>  {latin}
>  {latex/scripttag}  =>  {}
>  {latex/language}  =>  {Latex}
>  {latex/langtag}  =>  {ENG}
>  {latex/bcp47}  =>  {}
>  {latex/hyphennames}  =>  {english}
>  {latex/direction}  =>  {LR}
>  {latex/hyphenmins}  =>  {2,3}
>  {latex/frenchspacing}  =>  {false}
>  {latex/indentfirst}  =>  {false}
>  {latex/fontsetup}  =>  {true}
>  {latex/envname}  =>  {latex}
>  {latex/babelname}  =>  {latex}
>  {latex/localnumeral}  =>  {polyglossia@C@localnumeral}
>  {latex/Localnumeral}  =>  {polyglossia@C@localnumeral}
>  {spanish/script}  =>  {latin}
>  {spanish/lcscript}  =>  {latin}
>  {spanish/scripttag}  =>  {}
>  {spanish/language}  =>  {Spanish}
>  {spanish/langtag}  =>  {ESP}
>  {spanish/bcp47}  =>  {es-ES}
>  {spanish/hyphennames}  =>  {spanish}
>  {spanish/direction}  =>  {LR}
>  {spanish/hyphenmins}  =>  {2,2}
>  {spanish/frenchspacing}  =>  {true}
>  {spanish/indentfirst}  =>  {true}
>  {spanish/fontsetup}  =>  {true}
>  {spanish/envname}  =>  {spanish}
>  {spanish/babelname}  =>  {spanish}
>  {spanish/localnumeral}  =>  {polyglossia@C@localnumeral}
>  {spanish/Localnumeral}  =>  {polyglossia@C@localnumeral}
>  {spanish/totalhyphenmin}  =>  {5}.
[146] (./diariotemtiano17122021.aux
LaTeX Info: Redefining \rmfamily on input line 20.
LaTeX Info: Redefining \sffamily on input line 20.
LaTeX Info: Redefining \ttfamily on input line 20.
)
Package rerunfilecheck Info: File `diariotemtiano17122021.out' has not changed.

(rerunfilecheck)             Checksum: BA004D0A0745B46C70A9078180363ACB;43136.
 ) 
Here is how much of TeX's memory you used:
 17844 strings out of 478492
 324252 string characters out of 5862012
 926626 words of memory out of 5000000
 37882 multiletter control sequences out of 15000+600000
 409857 words of font info for 77 fonts, out of 8000000 for 9000
 14 hyphenation exceptions out of 8191
 87i,6n,120p,1418b,516s stack positions out of 5000i,500n,10000p,200000b,80000s

Output written on diariotemtiano17122021.pdf (146 pages).
